<?xml version="1.0" encoding="UTF-8"?>
<!-- Generated by org.testng.reporters.JUnitReportReporter -->
<testsuite skipped="0" hostname="LAPTOP-621Q5FK4" name="restAssuredTests.Demo5_BasicValidations_JSON" tests="5" failures="0" timestamp="2019-11-27T10:59:42 CET" time="6.256" errors="0">
  <testcase name="testStatusCode" time="2.382" classname="restAssuredTests.Demo5_BasicValidations_JSON"/>
  <testcase name="testLogging" time="0.364" classname="restAssuredTests.Demo5_BasicValidations_JSON"/>
  <testcase name="testSingleContent" time="0.928" classname="restAssuredTests.Demo5_BasicValidations_JSON"/>
  <testcase name="testMultipleContent" time="1.515" classname="restAssuredTests.Demo5_BasicValidations_JSON"/>
  <testcase name="testParamsAndHeaders" time="1.067" classname="restAssuredTests.Demo5_BasicValidations_JSON"/>
</testsuite> <!-- restAssuredTests.Demo5_BasicValidations_JSON -->
