<?xml version="1.0" encoding="UTF-8"?>
<!-- Generated by org.testng.reporters.JUnitReportReporter -->
<testsuite skipped="0" hostname="LAPTOP-621Q5FK4" name="restAssuredTests.Demo4_DELETE_Request" tests="1" failures="0" timestamp="2019-11-27T13:51:04 CET" time="0.683" errors="0">
  <testcase name="testDeleteEmployeeRecord" time="0.683" classname="restAssuredTests.Demo4_DELETE_Request"/>
</testsuite> <!-- restAssuredTests.Demo4_DELETE_Request -->
