<?xml version="1.0" encoding="UTF-8"?>
<!-- Generated by org.testng.reporters.JUnitReportReporter -->
<testsuite skipped="0" hostname="LAPTOP-621Q5FK4" name="restAssuredTests.Demo2_POST_Request" tests="1" failures="0" timestamp="2019-11-27T13:51:04 CET" time="0.785" errors="0">
  <testcase name="testPost" time="0.785" classname="restAssuredTests.Demo2_POST_Request"/>
</testsuite> <!-- restAssuredTests.Demo2_POST_Request -->
