<?xml version="1.0" encoding="UTF-8"?>
<!-- Generated by org.testng.reporters.JUnitReportReporter -->
<testsuite skipped="0" hostname="LAPTOP-621Q5FK4" name="restAssuredTests.Demo3_PUT_Request" tests="1" failures="0" timestamp="2019-11-27T13:51:04 CET" time="1.459" errors="0">
  <testcase name="testPut" time="1.459" classname="restAssuredTests.Demo3_PUT_Request"/>
</testsuite> <!-- restAssuredTests.Demo3_PUT_Request -->
